[0.035s] Invoking command in '/home/mccoychisom/STAD_mccoychisom/build/uav_cpp': CMAKE_PREFIX_PATH=${CMAKE_PREFIX_PATH}:/opt/ros/humble /usr/bin/cmake /home/mccoychisom/STAD_mccoychisom/src/uav_cpp -DCMAKE_INSTALL_PREFIX=/home/mccoychisom/STAD_mccoychisom/install/uav_cpp
[0.115s] -- The C compiler identification is GNU 11.4.0
[0.188s] -- The CXX compiler identification is GNU 11.4.0
[0.201s] -- Detecting C compiler ABI info
[0.284s] -- Detecting C compiler ABI info - done
[0.300s] -- Check for working C compiler: /usr/bin/cc - skipped
[0.301s] -- Detecting C compile features
[0.301s] -- Detecting C compile features - done
[0.306s] -- Detecting CXX compiler ABI info
[0.413s] -- Detecting CXX compiler ABI info - done
[0.428s] -- Check for working CXX compiler: /usr/bin/c++ - skipped
[0.428s] -- Detecting CXX compile features
[0.429s] -- Detecting CXX compile features - done
[0.432s] -- Found ament_cmake: 1.3.10 (/opt/ros/humble/share/ament_cmake/cmake)
[0.631s] -- Found Python3: /usr/bin/python3 (found version "3.10.12") found components: Interpreter 
[0.779s] -- Found rclcpp: 16.0.10 (/opt/ros/humble/share/rclcpp/cmake)
[0.835s] -- Found rosidl_generator_c: 3.1.5 (/opt/ros/humble/share/rosidl_generator_c/cmake)
[0.843s] -- Found rosidl_adapter: 3.1.5 (/opt/ros/humble/share/rosidl_adapter/cmake)
[0.854s] -- Found rosidl_generator_cpp: 3.1.5 (/opt/ros/humble/share/rosidl_generator_cpp/cmake)
[0.872s] -- Using all available rosidl_typesupport_c: rosidl_typesupport_fastrtps_c;rosidl_typesupport_introspection_c
[0.895s] -- Using all available rosidl_typesupport_cpp: rosidl_typesupport_fastrtps_cpp;rosidl_typesupport_introspection_cpp
[0.966s] -- Found rmw_implementation_cmake: 6.1.2 (/opt/ros/humble/share/rmw_implementation_cmake/cmake)
[0.969s] -- Found rmw_fastrtps_cpp: 6.2.7 (/opt/ros/humble/share/rmw_fastrtps_cpp/cmake)
[1.102s] -- Found OpenSSL: /usr/lib/x86_64-linux-gnu/libcrypto.so (found version "3.0.2")  
[1.139s] -- Found FastRTPS: /opt/ros/humble/include  
[1.192s] -- Using RMW implementation 'rmw_fastrtps_cpp' as default
[1.202s] -- Looking for pthread.h
[1.347s] -- Looking for pthread.h - found
[1.349s] -- Performing Test CMAKE_HAVE_LIBC_PTHREAD
[1.500s] -- Performing Test CMAKE_HAVE_LIBC_PTHREAD - Success
[1.501s] -- Found Threads: TRUE  
[1.597s] -- Found ament_lint_auto: 0.12.11 (/opt/ros/humble/share/ament_lint_auto/cmake)
[1.745s] -- Added test 'lint_cmake' to check CMake code style
[1.747s] -- Added test 'xmllint' to check XML markup files
[1.748s] -- Configuring done
[1.754s] -- Generating done
[1.755s] -- Build files have been written to: /home/mccoychisom/STAD_mccoychisom/build/uav_cpp
[1.769s] Invoked command in '/home/mccoychisom/STAD_mccoychisom/build/uav_cpp' returned '0': CMAKE_PREFIX_PATH=${CMAKE_PREFIX_PATH}:/opt/ros/humble /usr/bin/cmake /home/mccoychisom/STAD_mccoychisom/src/uav_cpp -DCMAKE_INSTALL_PREFIX=/home/mccoychisom/STAD_mccoychisom/install/uav_cpp
[1.772s] Invoking command in '/home/mccoychisom/STAD_mccoychisom/build/uav_cpp': CMAKE_PREFIX_PATH=${CMAKE_PREFIX_PATH}:/opt/ros/humble /usr/bin/cmake --build /home/mccoychisom/STAD_mccoychisom/build/uav_cpp -- -j5 -l5
[1.875s] Invoked command in '/home/mccoychisom/STAD_mccoychisom/build/uav_cpp' returned '0': CMAKE_PREFIX_PATH=${CMAKE_PREFIX_PATH}:/opt/ros/humble /usr/bin/cmake --build /home/mccoychisom/STAD_mccoychisom/build/uav_cpp -- -j5 -l5
[1.935s] Invoking command in '/home/mccoychisom/STAD_mccoychisom/build/uav_cpp': CMAKE_PREFIX_PATH=${CMAKE_PREFIX_PATH}:/opt/ros/humble /usr/bin/cmake --install /home/mccoychisom/STAD_mccoychisom/build/uav_cpp
[1.954s] -- Install configuration: ""
[1.955s] -- Installing: /home/mccoychisom/STAD_mccoychisom/install/uav_cpp/share/ament_index/resource_index/package_run_dependencies/uav_cpp
[1.955s] -- Installing: /home/mccoychisom/STAD_mccoychisom/install/uav_cpp/share/ament_index/resource_index/parent_prefix_path/uav_cpp
[1.956s] -- Installing: /home/mccoychisom/STAD_mccoychisom/install/uav_cpp/share/uav_cpp/environment/ament_prefix_path.sh
[1.956s] -- Installing: /home/mccoychisom/STAD_mccoychisom/install/uav_cpp/share/uav_cpp/environment/ament_prefix_path.dsv
[1.957s] -- Installing: /home/mccoychisom/STAD_mccoychisom/install/uav_cpp/share/uav_cpp/environment/path.sh
[1.957s] -- Installing: /home/mccoychisom/STAD_mccoychisom/install/uav_cpp/share/uav_cpp/environment/path.dsv
[1.957s] -- Installing: /home/mccoychisom/STAD_mccoychisom/install/uav_cpp/share/uav_cpp/local_setup.bash
[1.957s] -- Installing: /home/mccoychisom/STAD_mccoychisom/install/uav_cpp/share/uav_cpp/local_setup.sh
[1.958s] -- Installing: /home/mccoychisom/STAD_mccoychisom/install/uav_cpp/share/uav_cpp/local_setup.zsh
[1.958s] -- Installing: /home/mccoychisom/STAD_mccoychisom/install/uav_cpp/share/uav_cpp/local_setup.dsv
[1.958s] -- Installing: /home/mccoychisom/STAD_mccoychisom/install/uav_cpp/share/uav_cpp/package.dsv
[1.959s] -- Installing: /home/mccoychisom/STAD_mccoychisom/install/uav_cpp/share/ament_index/resource_index/packages/uav_cpp
[1.959s] -- Installing: /home/mccoychisom/STAD_mccoychisom/install/uav_cpp/share/uav_cpp/cmake/uav_cppConfig.cmake
[1.959s] -- Installing: /home/mccoychisom/STAD_mccoychisom/install/uav_cpp/share/uav_cpp/cmake/uav_cppConfig-version.cmake
[1.959s] -- Installing: /home/mccoychisom/STAD_mccoychisom/install/uav_cpp/share/uav_cpp/package.xml
[1.964s] Invoked command in '/home/mccoychisom/STAD_mccoychisom/build/uav_cpp' returned '0': CMAKE_PREFIX_PATH=${CMAKE_PREFIX_PATH}:/opt/ros/humble /usr/bin/cmake --install /home/mccoychisom/STAD_mccoychisom/build/uav_cpp
