[0.981s] Invoking command in '/home/mccoychisom/STAD_mccoychisom/src/uav_py': PYTHONPATH=/home/mccoychisom/STAD_mccoychisom/build/uav_py/prefix_override:/usr/lib/python3/dist-packages/colcon_core/task/python/colcon_distutils_commands:/home/mccoychisom/STAD_mccoychisom/install/uav_py/lib/python3.10/site-packages:${PYTHONPATH} /usr/bin/python3 -W ignore:setup.py install is deprecated setup.py egg_info --egg-base ../../build/uav_py build --build-base /home/mccoychisom/STAD_mccoychisom/build/uav_py/build install --record /home/mccoychisom/STAD_mccoychisom/build/uav_py/install.log --single-version-externally-managed install_data
[1.321s] running egg_info
[1.322s] writing ../../build/uav_py/uav_py.egg-info/PKG-INFO
[1.323s] writing dependency_links to ../../build/uav_py/uav_py.egg-info/dependency_links.txt
[1.323s] writing entry points to ../../build/uav_py/uav_py.egg-info/entry_points.txt
[1.323s] writing requirements to ../../build/uav_py/uav_py.egg-info/requires.txt
[1.324s] writing top-level names to ../../build/uav_py/uav_py.egg-info/top_level.txt
[1.326s] reading manifest file '../../build/uav_py/uav_py.egg-info/SOURCES.txt'
[1.329s] writing manifest file '../../build/uav_py/uav_py.egg-info/SOURCES.txt'
[1.329s] running build
[1.330s] running build_py
[1.330s] running install
[1.330s] running install_lib
[1.331s] running install_data
[1.331s] running install_egg_info
[1.331s] removing '/home/mccoychisom/STAD_mccoychisom/install/uav_py/lib/python3.10/site-packages/uav_py-0.0.0-py3.10.egg-info' (and everything under it)
[1.331s] Copying ../../build/uav_py/uav_py.egg-info to /home/mccoychisom/STAD_mccoychisom/install/uav_py/lib/python3.10/site-packages/uav_py-0.0.0-py3.10.egg-info
[1.332s] running install_scripts
[1.357s] writing list of installed files to '/home/mccoychisom/STAD_mccoychisom/build/uav_py/install.log'
[1.390s] Invoked command in '/home/mccoychisom/STAD_mccoychisom/src/uav_py' returned '0': PYTHONPATH=/home/mccoychisom/STAD_mccoychisom/build/uav_py/prefix_override:/usr/lib/python3/dist-packages/colcon_core/task/python/colcon_distutils_commands:/home/mccoychisom/STAD_mccoychisom/install/uav_py/lib/python3.10/site-packages:${PYTHONPATH} /usr/bin/python3 -W ignore:setup.py install is deprecated setup.py egg_info --egg-base ../../build/uav_py build --build-base /home/mccoychisom/STAD_mccoychisom/build/uav_py/build install --record /home/mccoychisom/STAD_mccoychisom/build/uav_py/install.log --single-version-externally-managed install_data
