[0.930s] Invoking command in '/home/mccoychisom/STAD_mccoychisom/src/uav_py': PYTHONPATH=/home/mccoychisom/STAD_mccoychisom/build/uav_py/prefix_override:/usr/lib/python3/dist-packages/colcon_core/task/python/colcon_distutils_commands:/home/mccoychisom/STAD_mccoychisom/install/uav_py/lib/python3.10/site-packages:${PYTHONPATH} /usr/bin/python3 -W ignore:setup.py install is deprecated setup.py egg_info --egg-base ../../build/uav_py build --build-base /home/mccoychisom/STAD_mccoychisom/build/uav_py/build install --record /home/mccoychisom/STAD_mccoychisom/build/uav_py/install.log --single-version-externally-managed install_data
[1.305s] running egg_info
[1.306s] writing ../../build/uav_py/uav_py.egg-info/PKG-INFO
[1.306s] writing dependency_links to ../../build/uav_py/uav_py.egg-info/dependency_links.txt
[1.307s] writing entry points to ../../build/uav_py/uav_py.egg-info/entry_points.txt
[1.307s] writing requirements to ../../build/uav_py/uav_py.egg-info/requires.txt
[1.307s] writing top-level names to ../../build/uav_py/uav_py.egg-info/top_level.txt
[1.309s] reading manifest file '../../build/uav_py/uav_py.egg-info/SOURCES.txt'
[1.310s] writing manifest file '../../build/uav_py/uav_py.egg-info/SOURCES.txt'
[1.310s] running build
[1.311s] running build_py
[1.311s] running install
[1.311s] running install_lib
[1.313s] running install_data
[1.313s] running install_egg_info
[1.315s] removing '/home/mccoychisom/STAD_mccoychisom/install/uav_py/lib/python3.10/site-packages/uav_py-0.0.0-py3.10.egg-info' (and everything under it)
[1.315s] Copying ../../build/uav_py/uav_py.egg-info to /home/mccoychisom/STAD_mccoychisom/install/uav_py/lib/python3.10/site-packages/uav_py-0.0.0-py3.10.egg-info
[1.316s] running install_scripts
[1.342s] Installing detection script to /home/mccoychisom/STAD_mccoychisom/install/uav_py/lib/uav_py
[1.343s] Installing environment script to /home/mccoychisom/STAD_mccoychisom/install/uav_py/lib/uav_py
[1.343s] Installing follow_me script to /home/mccoychisom/STAD_mccoychisom/install/uav_py/lib/uav_py
[1.344s] Installing stream script to /home/mccoychisom/STAD_mccoychisom/install/uav_py/lib/uav_py
[1.344s] Installing vision_simulation script to /home/mccoychisom/STAD_mccoychisom/install/uav_py/lib/uav_py
[1.344s] writing list of installed files to '/home/mccoychisom/STAD_mccoychisom/build/uav_py/install.log'
[1.376s] Invoked command in '/home/mccoychisom/STAD_mccoychisom/src/uav_py' returned '0': PYTHONPATH=/home/mccoychisom/STAD_mccoychisom/build/uav_py/prefix_override:/usr/lib/python3/dist-packages/colcon_core/task/python/colcon_distutils_commands:/home/mccoychisom/STAD_mccoychisom/install/uav_py/lib/python3.10/site-packages:${PYTHONPATH} /usr/bin/python3 -W ignore:setup.py install is deprecated setup.py egg_info --egg-base ../../build/uav_py build --build-base /home/mccoychisom/STAD_mccoychisom/build/uav_py/build install --record /home/mccoychisom/STAD_mccoychisom/build/uav_py/install.log --single-version-externally-managed install_data
