/home/mccoychisom/STAD_mccoychisom/install/uav_py/lib/python3.10/site-packages/uav_py/vision_simulation.py
/home/mccoychisom/STAD_mccoychisom/install/uav_py/lib/python3.10/site-packages/uav_py/aruco_single_tracker.py
/home/mccoychisom/STAD_mccoychisom/install/uav_py/lib/python3.10/site-packages/uav_py/test_detection.py
/home/mccoychisom/STAD_mccoychisom/install/uav_py/lib/python3.10/site-packages/uav_py/environment.py
/home/mccoychisom/STAD_mccoychisom/install/uav_py/lib/python3.10/site-packages/uav_py/video_stream.py
/home/mccoychisom/STAD_mccoychisom/install/uav_py/lib/python3.10/site-packages/uav_py/__init__.py
/home/mccoychisom/STAD_mccoychisom/install/uav_py/lib/python3.10/site-packages/uav_py/__pycache__/vision_simulation.cpython-310.pyc
/home/mccoychisom/STAD_mccoychisom/install/uav_py/lib/python3.10/site-packages/uav_py/__pycache__/aruco_single_tracker.cpython-310.pyc
/home/mccoychisom/STAD_mccoychisom/install/uav_py/lib/python3.10/site-packages/uav_py/__pycache__/test_detection.cpython-310.pyc
/home/mccoychisom/STAD_mccoychisom/install/uav_py/lib/python3.10/site-packages/uav_py/__pycache__/environment.cpython-310.pyc
/home/mccoychisom/STAD_mccoychisom/install/uav_py/lib/python3.10/site-packages/uav_py/__pycache__/video_stream.cpython-310.pyc
/home/mccoychisom/STAD_mccoychisom/install/uav_py/lib/python3.10/site-packages/uav_py/__pycache__/__init__.cpython-310.pyc
/home/mccoychisom/STAD_mccoychisom/install/uav_py/share/ament_index/resource_index/packages/uav_py
/home/mccoychisom/STAD_mccoychisom/install/uav_py/share/uav_py/package.xml
/home/mccoychisom/STAD_mccoychisom/install/uav_py/lib/python3.10/site-packages/uav_py-0.0.0-py3.10.egg-info/PKG-INFO
/home/mccoychisom/STAD_mccoychisom/install/uav_py/lib/python3.10/site-packages/uav_py-0.0.0-py3.10.egg-info/SOURCES.txt
/home/mccoychisom/STAD_mccoychisom/install/uav_py/lib/python3.10/site-packages/uav_py-0.0.0-py3.10.egg-info/entry_points.txt
/home/mccoychisom/STAD_mccoychisom/install/uav_py/lib/python3.10/site-packages/uav_py-0.0.0-py3.10.egg-info/zip-safe
/home/mccoychisom/STAD_mccoychisom/install/uav_py/lib/python3.10/site-packages/uav_py-0.0.0-py3.10.egg-info/requires.txt
/home/mccoychisom/STAD_mccoychisom/install/uav_py/lib/python3.10/site-packages/uav_py-0.0.0-py3.10.egg-info/top_level.txt
/home/mccoychisom/STAD_mccoychisom/install/uav_py/lib/python3.10/site-packages/uav_py-0.0.0-py3.10.egg-info/dependency_links.txt
/home/mccoychisom/STAD_mccoychisom/install/uav_py/lib/uav_py/detection
/home/mccoychisom/STAD_mccoychisom/install/uav_py/lib/uav_py/environment
/home/mccoychisom/STAD_mccoychisom/install/uav_py/lib/uav_py/follow_me
/home/mccoychisom/STAD_mccoychisom/install/uav_py/lib/uav_py/stream
/home/mccoychisom/STAD_mccoychisom/install/uav_py/lib/uav_py/vision_simulation
