running egg_info
creating ../../build/uav_py/uav_py.egg-info
writing ../../build/uav_py/uav_py.egg-info/PKG-INFO
writing dependency_links to ../../build/uav_py/uav_py.egg-info/dependency_links.txt
writing entry points to ../../build/uav_py/uav_py.egg-info/entry_points.txt
writing requirements to ../../build/uav_py/uav_py.egg-info/requires.txt
writing top-level names to ../../build/uav_py/uav_py.egg-info/top_level.txt
writing manifest file '../../build/uav_py/uav_py.egg-info/SOURCES.txt'
reading manifest file '../../build/uav_py/uav_py.egg-info/SOURCES.txt'
writing manifest file '../../build/uav_py/uav_py.egg-info/SOURCES.txt'
running build
running build_py
creating /home/mccoychisom/STAD_mccoychisom/build/uav_py/build
creating /home/mccoychisom/STAD_mccoychisom/build/uav_py/build/lib
creating /home/mccoychisom/STAD_mccoychisom/build/uav_py/build/lib/uav_py
copying uav_py/__init__.py -> /home/mccoychisom/STAD_mccoychisom/build/uav_py/build/lib/uav_py
running install
running install_lib
creating /home/mccoychisom/STAD_mccoychisom/install/uav_py/lib/python3.10/site-packages/uav_py
copying /home/mccoychisom/STAD_mccoychisom/build/uav_py/build/lib/uav_py/__init__.py -> /home/mccoychisom/STAD_mccoychisom/install/uav_py/lib/python3.10/site-packages/uav_py
byte-compiling /home/mccoychisom/STAD_mccoychisom/install/uav_py/lib/python3.10/site-packages/uav_py/__init__.py to __init__.cpython-310.pyc
running install_data
creating /home/mccoychisom/STAD_mccoychisom/install/uav_py/share/ament_index
creating /home/mccoychisom/STAD_mccoychisom/install/uav_py/share/ament_index/resource_index
creating /home/mccoychisom/STAD_mccoychisom/install/uav_py/share/ament_index/resource_index/packages
copying resource/uav_py -> /home/mccoychisom/STAD_mccoychisom/install/uav_py/share/ament_index/resource_index/packages
copying package.xml -> /home/mccoychisom/STAD_mccoychisom/install/uav_py/share/uav_py
running install_egg_info
Copying ../../build/uav_py/uav_py.egg-info to /home/mccoychisom/STAD_mccoychisom/install/uav_py/lib/python3.10/site-packages/uav_py-0.0.0-py3.10.egg-info
running install_scripts
writing list of installed files to '/home/mccoychisom/STAD_mccoychisom/build/uav_py/install.log'
