[0.041s] Invoking command in '/home/mccoychisom/STAD_mccoychisom/build/uav_msgs': CMAKE_PREFIX_PATH=${CMAKE_PREFIX_PATH}:/opt/ros/humble /usr/bin/cmake /home/mccoychisom/STAD_mccoychisom/src/uav_msgs -DCMAKE_INSTALL_PREFIX=/home/mccoychisom/STAD_mccoychisom/install/uav_msgs
[0.117s] -- The C compiler identification is GNU 11.4.0
[0.189s] -- The CXX compiler identification is GNU 11.4.0
[0.204s] -- Detecting C compiler ABI info
[0.293s] -- Detecting C compiler ABI info - done
[0.303s] -- Check for working C compiler: /usr/bin/cc - skipped
[0.303s] -- Detecting C compile features
[0.304s] -- Detecting C compile features - done
[0.308s] -- Detecting CXX compiler ABI info
[0.407s] -- Detecting CXX compiler ABI info - done
[0.433s] -- Check for working CXX compiler: /usr/bin/c++ - skipped
[0.433s] -- Detecting CXX compile features
[0.434s] -- Detecting CXX compile features - done
[0.439s] -- Found ament_cmake: 1.3.10 (/opt/ros/humble/share/ament_cmake/cmake)
[0.680s] -- Found Python3: /usr/bin/python3 (found version "3.10.12") found components: Interpreter 
[0.823s] -- Found ament_lint_auto: 0.12.11 (/opt/ros/humble/share/ament_lint_auto/cmake)
[0.984s] -- Added test 'lint_cmake' to check CMake code style
[0.985s] -- Added test 'xmllint' to check XML markup files
[0.985s] -- Configuring done
[0.988s] -- Generating done
[0.989s] -- Build files have been written to: /home/mccoychisom/STAD_mccoychisom/build/uav_msgs
[1.001s] Invoked command in '/home/mccoychisom/STAD_mccoychisom/build/uav_msgs' returned '0': CMAKE_PREFIX_PATH=${CMAKE_PREFIX_PATH}:/opt/ros/humble /usr/bin/cmake /home/mccoychisom/STAD_mccoychisom/src/uav_msgs -DCMAKE_INSTALL_PREFIX=/home/mccoychisom/STAD_mccoychisom/install/uav_msgs
[1.003s] Invoking command in '/home/mccoychisom/STAD_mccoychisom/build/uav_msgs': CMAKE_PREFIX_PATH=${CMAKE_PREFIX_PATH}:/opt/ros/humble /usr/bin/cmake --build /home/mccoychisom/STAD_mccoychisom/build/uav_msgs -- -j5 -l5
[1.054s] Invoked command in '/home/mccoychisom/STAD_mccoychisom/build/uav_msgs' returned '0': CMAKE_PREFIX_PATH=${CMAKE_PREFIX_PATH}:/opt/ros/humble /usr/bin/cmake --build /home/mccoychisom/STAD_mccoychisom/build/uav_msgs -- -j5 -l5
[1.095s] Invoking command in '/home/mccoychisom/STAD_mccoychisom/build/uav_msgs': CMAKE_PREFIX_PATH=${CMAKE_PREFIX_PATH}:/opt/ros/humble /usr/bin/cmake --install /home/mccoychisom/STAD_mccoychisom/build/uav_msgs
[1.100s] -- Install configuration: ""
[1.101s] -- Installing: /home/mccoychisom/STAD_mccoychisom/install/uav_msgs/share/ament_index/resource_index/package_run_dependencies/uav_msgs
[1.101s] -- Installing: /home/mccoychisom/STAD_mccoychisom/install/uav_msgs/share/ament_index/resource_index/parent_prefix_path/uav_msgs
[1.101s] -- Installing: /home/mccoychisom/STAD_mccoychisom/install/uav_msgs/share/uav_msgs/environment/ament_prefix_path.sh
[1.102s] -- Installing: /home/mccoychisom/STAD_mccoychisom/install/uav_msgs/share/uav_msgs/environment/ament_prefix_path.dsv
[1.102s] -- Installing: /home/mccoychisom/STAD_mccoychisom/install/uav_msgs/share/uav_msgs/environment/path.sh
[1.102s] -- Installing: /home/mccoychisom/STAD_mccoychisom/install/uav_msgs/share/uav_msgs/environment/path.dsv
[1.103s] -- Installing: /home/mccoychisom/STAD_mccoychisom/install/uav_msgs/share/uav_msgs/local_setup.bash
[1.103s] -- Installing: /home/mccoychisom/STAD_mccoychisom/install/uav_msgs/share/uav_msgs/local_setup.sh
[1.103s] -- Installing: /home/mccoychisom/STAD_mccoychisom/install/uav_msgs/share/uav_msgs/local_setup.zsh
[1.104s] -- Installing: /home/mccoychisom/STAD_mccoychisom/install/uav_msgs/share/uav_msgs/local_setup.dsv
[1.104s] -- Installing: /home/mccoychisom/STAD_mccoychisom/install/uav_msgs/share/uav_msgs/package.dsv
[1.105s] -- Installing: /home/mccoychisom/STAD_mccoychisom/install/uav_msgs/share/ament_index/resource_index/packages/uav_msgs
[1.105s] -- Installing: /home/mccoychisom/STAD_mccoychisom/install/uav_msgs/share/uav_msgs/cmake/uav_msgsConfig.cmake
[1.105s] -- Installing: /home/mccoychisom/STAD_mccoychisom/install/uav_msgs/share/uav_msgs/cmake/uav_msgsConfig-version.cmake
[1.106s] -- Installing: /home/mccoychisom/STAD_mccoychisom/install/uav_msgs/share/uav_msgs/package.xml
[1.107s] Invoked command in '/home/mccoychisom/STAD_mccoychisom/build/uav_msgs' returned '0': CMAKE_PREFIX_PATH=${CMAKE_PREFIX_PATH}:/opt/ros/humble /usr/bin/cmake --install /home/mccoychisom/STAD_mccoychisom/build/uav_msgs
