[0.152s] DEBUG:colcon:Command line arguments: ['/usr/bin/colcon', 'build']
[0.152s] DEBUG:colcon:Parsed command line arguments: Namespace(log_base=None, log_level=None, verb_name='build', build_base='build', install_base='install', merge_install=False, symlink_install=False, test_result_base=None, continue_on_error=False, executor='parallel', parallel_workers=5, event_handlers=None, ignore_user_meta=False, metas=['./colcon.meta'], base_paths=['.'], packages_ignore=None, packages_ignore_regex=None, paths=None, packages_up_to=None, packages_up_to_regex=None, packages_above=None, packages_above_and_dependencies=None, packages_above_depth=None, packages_select_by_dep=None, packages_skip_by_dep=None, packages_skip_up_to=None, packages_select_build_failed=False, packages_skip_build_finished=False, packages_select_test_failures=False, packages_skip_test_passed=False, packages_select=None, packages_skip=None, packages_select_regex=None, packages_skip_regex=None, packages_start=None, packages_end=None, allow_overriding=[], cmake_args=None, cmake_target=None, cmake_target_skip_unavailable=False, cmake_clean_cache=False, cmake_clean_first=False, cmake_force_configure=False, ament_cmake_args=None, catkin_cmake_args=None, catkin_skip_building_tests=False, mixin_files=None, mixin=None, verb_parser=<colcon_mixin.mixin.mixin_argument.MixinArgumentDecorator object at 0x7aa8526feb60>, verb_extension=<colcon_core.verb.build.BuildVerb object at 0x7aa852843250>, main=<bound method BuildVerb.main of <colcon_core.verb.build.BuildVerb object at 0x7aa852843250>>, mixin_verb=('build',))
[0.373s] Level 1:colcon.colcon_core.package_discovery:discover_packages(colcon_meta) check parameters
[0.373s] Level 1:colcon.colcon_core.package_discovery:discover_packages(recursive) check parameters
[0.373s] Level 1:colcon.colcon_core.package_discovery:discover_packages(ignore) check parameters
[0.373s] Level 1:colcon.colcon_core.package_discovery:discover_packages(path) check parameters
[0.373s] Level 1:colcon.colcon_core.package_discovery:discover_packages(colcon_meta) discover
[0.373s] Level 1:colcon.colcon_core.package_discovery:discover_packages(recursive) discover
[0.373s] INFO:colcon.colcon_core.package_discovery:Crawling recursively for packages in '/home/mccoychisom/STAD_mccoychisom'
[0.373s] Level 1:colcon.colcon_core.package_identification:_identify(.) by extensions ['ignore', 'ignore_ament_install']
[0.374s] Level 1:colcon.colcon_core.package_identification:_identify(.) by extension 'ignore'
[0.374s] Level 1:colcon.colcon_core.package_identification:_identify(.) by extension 'ignore_ament_install'
[0.374s] Level 1:colcon.colcon_core.package_identification:_identify(.) by extensions ['colcon_pkg']
[0.374s] Level 1:colcon.colcon_core.package_identification:_identify(.) by extension 'colcon_pkg'
[0.374s] Level 1:colcon.colcon_core.package_identification:_identify(.) by extensions ['colcon_meta']
[0.374s] Level 1:colcon.colcon_core.package_identification:_identify(.) by extension 'colcon_meta'
[0.374s] Level 1:colcon.colcon_core.package_identification:_identify(.) by extensions ['ros']
[0.374s] Level 1:colcon.colcon_core.package_identification:_identify(.) by extension 'ros'
[0.388s] Level 1:colcon.colcon_core.package_identification:_identify(.) by extensions ['cmake', 'python']
[0.389s] Level 1:colcon.colcon_core.package_identification:_identify(.) by extension 'cmake'
[0.389s] Level 1:colcon.colcon_core.package_identification:_identify(.) by extension 'python'
[0.389s] Level 1:colcon.colcon_core.package_identification:_identify(.) by extensions ['python_setup_py']
[0.389s] Level 1:colcon.colcon_core.package_identification:_identify(.) by extension 'python_setup_py'
[0.389s] Level 1:colcon.colcon_core.package_identification:_identify(build) by extensions ['ignore', 'ignore_ament_install']
[0.389s] Level 1:colcon.colcon_core.package_identification:_identify(build) by extension 'ignore'
[0.389s] Level 1:colcon.colcon_core.package_identification:_identify(build) ignored
[0.389s] Level 1:colcon.colcon_core.package_identification:_identify(install) by extensions ['ignore', 'ignore_ament_install']
[0.389s] Level 1:colcon.colcon_core.package_identification:_identify(install) by extension 'ignore'
[0.389s] Level 1:colcon.colcon_core.package_identification:_identify(install) ignored
[0.389s] Level 1:colcon.colcon_core.package_identification:_identify(log) by extensions ['ignore', 'ignore_ament_install']
[0.389s] Level 1:colcon.colcon_core.package_identification:_identify(log) by extension 'ignore'
[0.390s] Level 1:colcon.colcon_core.package_identification:_identify(log) ignored
[0.390s] Level 1:colcon.colcon_core.package_identification:_identify(src) by extensions ['ignore', 'ignore_ament_install']
[0.390s] Level 1:colcon.colcon_core.package_identification:_identify(src) by extension 'ignore'
[0.390s] Level 1:colcon.colcon_core.package_identification:_identify(src) by extension 'ignore_ament_install'
[0.390s] Level 1:colcon.colcon_core.package_identification:_identify(src) by extensions ['colcon_pkg']
[0.390s] Level 1:colcon.colcon_core.package_identification:_identify(src) by extension 'colcon_pkg'
[0.390s] Level 1:colcon.colcon_core.package_identification:_identify(src) by extensions ['colcon_meta']
[0.390s] Level 1:colcon.colcon_core.package_identification:_identify(src) by extension 'colcon_meta'
[0.390s] Level 1:colcon.colcon_core.package_identification:_identify(src) by extensions ['ros']
[0.390s] Level 1:colcon.colcon_core.package_identification:_identify(src) by extension 'ros'
[0.390s] Level 1:colcon.colcon_core.package_identification:_identify(src) by extensions ['cmake', 'python']
[0.390s] Level 1:colcon.colcon_core.package_identification:_identify(src) by extension 'cmake'
[0.390s] Level 1:colcon.colcon_core.package_identification:_identify(src) by extension 'python'
[0.390s] Level 1:colcon.colcon_core.package_identification:_identify(src) by extensions ['python_setup_py']
[0.390s] Level 1:colcon.colcon_core.package_identification:_identify(src) by extension 'python_setup_py'
[0.390s] Level 1:colcon.colcon_core.package_identification:_identify(src/uav_cpp) by extensions ['ignore', 'ignore_ament_install']
[0.390s] Level 1:colcon.colcon_core.package_identification:_identify(src/uav_cpp) by extension 'ignore'
[0.391s] Level 1:colcon.colcon_core.package_identification:_identify(src/uav_cpp) by extension 'ignore_ament_install'
[0.391s] Level 1:colcon.colcon_core.package_identification:_identify(src/uav_cpp) by extensions ['colcon_pkg']
[0.391s] Level 1:colcon.colcon_core.package_identification:_identify(src/uav_cpp) by extension 'colcon_pkg'
[0.391s] Level 1:colcon.colcon_core.package_identification:_identify(src/uav_cpp) by extensions ['colcon_meta']
[0.391s] Level 1:colcon.colcon_core.package_identification:_identify(src/uav_cpp) by extension 'colcon_meta'
[0.391s] Level 1:colcon.colcon_core.package_identification:_identify(src/uav_cpp) by extensions ['ros']
[0.391s] Level 1:colcon.colcon_core.package_identification:_identify(src/uav_cpp) by extension 'ros'
[0.394s] DEBUG:colcon.colcon_core.package_identification:Package 'src/uav_cpp' with type 'ros.ament_cmake' and name 'uav_cpp'
[0.394s] Level 1:colcon.colcon_core.package_identification:_identify(src/uav_msgs) by extensions ['ignore', 'ignore_ament_install']
[0.394s] Level 1:colcon.colcon_core.package_identification:_identify(src/uav_msgs) by extension 'ignore'
[0.394s] Level 1:colcon.colcon_core.package_identification:_identify(src/uav_msgs) by extension 'ignore_ament_install'
[0.394s] Level 1:colcon.colcon_core.package_identification:_identify(src/uav_msgs) by extensions ['colcon_pkg']
[0.394s] Level 1:colcon.colcon_core.package_identification:_identify(src/uav_msgs) by extension 'colcon_pkg'
[0.394s] Level 1:colcon.colcon_core.package_identification:_identify(src/uav_msgs) by extensions ['colcon_meta']
[0.395s] Level 1:colcon.colcon_core.package_identification:_identify(src/uav_msgs) by extension 'colcon_meta'
[0.395s] Level 1:colcon.colcon_core.package_identification:_identify(src/uav_msgs) by extensions ['ros']
[0.395s] Level 1:colcon.colcon_core.package_identification:_identify(src/uav_msgs) by extension 'ros'
[0.395s] DEBUG:colcon.colcon_core.package_identification:Package 'src/uav_msgs' with type 'ros.ament_cmake' and name 'uav_msgs'
[0.395s] Level 1:colcon.colcon_core.package_identification:_identify(src/uav_py) by extensions ['ignore', 'ignore_ament_install']
[0.396s] Level 1:colcon.colcon_core.package_identification:_identify(src/uav_py) by extension 'ignore'
[0.396s] Level 1:colcon.colcon_core.package_identification:_identify(src/uav_py) by extension 'ignore_ament_install'
[0.396s] Level 1:colcon.colcon_core.package_identification:_identify(src/uav_py) by extensions ['colcon_pkg']
[0.396s] Level 1:colcon.colcon_core.package_identification:_identify(src/uav_py) by extension 'colcon_pkg'
[0.396s] Level 1:colcon.colcon_core.package_identification:_identify(src/uav_py) by extensions ['colcon_meta']
[0.396s] Level 1:colcon.colcon_core.package_identification:_identify(src/uav_py) by extension 'colcon_meta'
[0.396s] Level 1:colcon.colcon_core.package_identification:_identify(src/uav_py) by extensions ['ros']
[0.396s] Level 1:colcon.colcon_core.package_identification:_identify(src/uav_py) by extension 'ros'
[0.397s] DEBUG:colcon.colcon_core.package_identification:Package 'src/uav_py' with type 'ros.ament_python' and name 'uav_py'
[0.397s] Level 1:colcon.colcon_core.package_discovery:discover_packages(recursive) using defaults
[0.397s] Level 1:colcon.colcon_core.package_discovery:discover_packages(ignore) discover
[0.397s] Level 1:colcon.colcon_core.package_discovery:discover_packages(ignore) using defaults
[0.397s] Level 1:colcon.colcon_core.package_discovery:discover_packages(path) discover
[0.397s] Level 1:colcon.colcon_core.package_discovery:discover_packages(path) using defaults
[0.423s] Level 1:colcon.colcon_core.package_discovery:discover_packages(prefix_path) check parameters
[0.423s] Level 1:colcon.colcon_core.package_discovery:discover_packages(prefix_path) discover
[0.426s] DEBUG:colcon.colcon_installed_package_information.package_discovery:Found 2 installed packages in /home/mccoychisom/px4_ros2_ws/install
[0.428s] DEBUG:colcon.colcon_installed_package_information.package_discovery:Found 269 installed packages in /opt/ros/humble
[0.443s] DEBUG:colcon.colcon_installed_package_information.package_discovery:Found 3 installed packages in /home/mccoychisom/STAD_mccoychisom/install
[0.444s] Level 1:colcon.colcon_core.package_discovery:discover_packages(prefix_path) using defaults
[0.536s] Level 5:colcon.colcon_core.verb:set package 'uav_cpp' build argument 'cmake_args' from command line to 'None'
[0.536s] Level 5:colcon.colcon_core.verb:set package 'uav_cpp' build argument 'cmake_target' from command line to 'None'
[0.536s] Level 5:colcon.colcon_core.verb:set package 'uav_cpp' build argument 'cmake_target_skip_unavailable' from command line to 'False'
[0.536s] Level 5:colcon.colcon_core.verb:set package 'uav_cpp' build argument 'cmake_clean_cache' from command line to 'False'
[0.536s] Level 5:colcon.colcon_core.verb:set package 'uav_cpp' build argument 'cmake_clean_first' from command line to 'False'
[0.536s] Level 5:colcon.colcon_core.verb:set package 'uav_cpp' build argument 'cmake_force_configure' from command line to 'False'
[0.536s] Level 5:colcon.colcon_core.verb:set package 'uav_cpp' build argument 'ament_cmake_args' from command line to 'None'
[0.536s] Level 5:colcon.colcon_core.verb:set package 'uav_cpp' build argument 'catkin_cmake_args' from command line to 'None'
[0.536s] Level 5:colcon.colcon_core.verb:set package 'uav_cpp' build argument 'catkin_skip_building_tests' from command line to 'False'
[0.536s] DEBUG:colcon.colcon_core.verb:Building package 'uav_cpp' with the following arguments: {'ament_cmake_args': None, 'build_base': '/home/mccoychisom/STAD_mccoychisom/build/uav_cpp', 'catkin_cmake_args': None, 'catkin_skip_building_tests': False, 'cmake_args': None, 'cmake_clean_cache': False, 'cmake_clean_first': False, 'cmake_force_configure': False, 'cmake_target': None, 'cmake_target_skip_unavailable': False, 'install_base': '/home/mccoychisom/STAD_mccoychisom/install/uav_cpp', 'merge_install': False, 'path': '/home/mccoychisom/STAD_mccoychisom/src/uav_cpp', 'symlink_install': False, 'test_result_base': None}
[0.537s] Level 5:colcon.colcon_core.verb:set package 'uav_msgs' build argument 'cmake_args' from command line to 'None'
[0.537s] Level 5:colcon.colcon_core.verb:set package 'uav_msgs' build argument 'cmake_target' from command line to 'None'
[0.537s] Level 5:colcon.colcon_core.verb:set package 'uav_msgs' build argument 'cmake_target_skip_unavailable' from command line to 'False'
[0.537s] Level 5:colcon.colcon_core.verb:set package 'uav_msgs' build argument 'cmake_clean_cache' from command line to 'False'
[0.537s] Level 5:colcon.colcon_core.verb:set package 'uav_msgs' build argument 'cmake_clean_first' from command line to 'False'
[0.537s] Level 5:colcon.colcon_core.verb:set package 'uav_msgs' build argument 'cmake_force_configure' from command line to 'False'
[0.537s] Level 5:colcon.colcon_core.verb:set package 'uav_msgs' build argument 'ament_cmake_args' from command line to 'None'
[0.537s] Level 5:colcon.colcon_core.verb:set package 'uav_msgs' build argument 'catkin_cmake_args' from command line to 'None'
[0.537s] Level 5:colcon.colcon_core.verb:set package 'uav_msgs' build argument 'catkin_skip_building_tests' from command line to 'False'
[0.537s] DEBUG:colcon.colcon_core.verb:Building package 'uav_msgs' with the following arguments: {'ament_cmake_args': None, 'build_base': '/home/mccoychisom/STAD_mccoychisom/build/uav_msgs', 'catkin_cmake_args': None, 'catkin_skip_building_tests': False, 'cmake_args': None, 'cmake_clean_cache': False, 'cmake_clean_first': False, 'cmake_force_configure': False, 'cmake_target': None, 'cmake_target_skip_unavailable': False, 'install_base': '/home/mccoychisom/STAD_mccoychisom/install/uav_msgs', 'merge_install': False, 'path': '/home/mccoychisom/STAD_mccoychisom/src/uav_msgs', 'symlink_install': False, 'test_result_base': None}
[0.538s] Level 5:colcon.colcon_core.verb:set package 'uav_py' build argument 'cmake_args' from command line to 'None'
[0.538s] Level 5:colcon.colcon_core.verb:set package 'uav_py' build argument 'cmake_target' from command line to 'None'
[0.538s] Level 5:colcon.colcon_core.verb:set package 'uav_py' build argument 'cmake_target_skip_unavailable' from command line to 'False'
[0.538s] Level 5:colcon.colcon_core.verb:set package 'uav_py' build argument 'cmake_clean_cache' from command line to 'False'
[0.538s] Level 5:colcon.colcon_core.verb:set package 'uav_py' build argument 'cmake_clean_first' from command line to 'False'
[0.538s] Level 5:colcon.colcon_core.verb:set package 'uav_py' build argument 'cmake_force_configure' from command line to 'False'
[0.538s] Level 5:colcon.colcon_core.verb:set package 'uav_py' build argument 'ament_cmake_args' from command line to 'None'
[0.538s] Level 5:colcon.colcon_core.verb:set package 'uav_py' build argument 'catkin_cmake_args' from command line to 'None'
[0.538s] Level 5:colcon.colcon_core.verb:set package 'uav_py' build argument 'catkin_skip_building_tests' from command line to 'False'
[0.538s] DEBUG:colcon.colcon_core.verb:Building package 'uav_py' with the following arguments: {'ament_cmake_args': None, 'build_base': '/home/mccoychisom/STAD_mccoychisom/build/uav_py', 'catkin_cmake_args': None, 'catkin_skip_building_tests': False, 'cmake_args': None, 'cmake_clean_cache': False, 'cmake_clean_first': False, 'cmake_force_configure': False, 'cmake_target': None, 'cmake_target_skip_unavailable': False, 'install_base': '/home/mccoychisom/STAD_mccoychisom/install/uav_py', 'merge_install': False, 'path': '/home/mccoychisom/STAD_mccoychisom/src/uav_py', 'symlink_install': False, 'test_result_base': None}
[0.538s] INFO:colcon.colcon_core.executor:Executing jobs using 'parallel' executor
[0.540s] DEBUG:colcon.colcon_parallel_executor.executor.parallel:run_until_complete
[0.540s] INFO:colcon.colcon_ros.task.ament_cmake.build:Building ROS package in '/home/mccoychisom/STAD_mccoychisom/src/uav_cpp' with build type 'ament_cmake'
[0.540s] INFO:colcon.colcon_cmake.task.cmake.build:Building CMake package in '/home/mccoychisom/STAD_mccoychisom/src/uav_cpp'
[0.543s] INFO:colcon.colcon_core.plugin_system:Skipping extension 'colcon_core.shell.bat': Not used on non-Windows systems
[0.543s] INFO:colcon.colcon_core.shell:Skip shell extension 'powershell' for command environment: Not usable outside of PowerShell
[0.543s] DEBUG:colcon.colcon_core.shell:Skip shell extension 'dsv' for command environment
[0.549s] INFO:colcon.colcon_ros.task.ament_cmake.build:Building ROS package in '/home/mccoychisom/STAD_mccoychisom/src/uav_msgs' with build type 'ament_cmake'
[0.549s] INFO:colcon.colcon_cmake.task.cmake.build:Building CMake package in '/home/mccoychisom/STAD_mccoychisom/src/uav_msgs'
[0.549s] INFO:colcon.colcon_core.shell:Skip shell extension 'powershell' for command environment: Not usable outside of PowerShell
[0.549s] DEBUG:colcon.colcon_core.shell:Skip shell extension 'dsv' for command environment
[0.555s] INFO:colcon.colcon_ros.task.ament_python.build:Building ROS package in '/home/mccoychisom/STAD_mccoychisom/src/uav_py' with build type 'ament_python'
[0.555s] Level 1:colcon.colcon_core.shell:create_environment_hook('uav_py', 'ament_prefix_path')
[0.555s] INFO:colcon.colcon_core.shell:Creating environment hook '/home/mccoychisom/STAD_mccoychisom/install/uav_py/share/uav_py/hook/ament_prefix_path.ps1'
[0.556s] INFO:colcon.colcon_core.shell:Creating environment descriptor '/home/mccoychisom/STAD_mccoychisom/install/uav_py/share/uav_py/hook/ament_prefix_path.dsv'
[0.557s] INFO:colcon.colcon_core.shell:Creating environment hook '/home/mccoychisom/STAD_mccoychisom/install/uav_py/share/uav_py/hook/ament_prefix_path.sh'
[0.558s] INFO:colcon.colcon_core.shell:Skip shell extension 'powershell' for command environment: Not usable outside of PowerShell
[0.558s] DEBUG:colcon.colcon_core.shell:Skip shell extension 'dsv' for command environment
[0.574s] DEBUG:colcon.colcon_core.event_handler.log_command:Invoking command in '/home/mccoychisom/STAD_mccoychisom/build/uav_cpp': CMAKE_PREFIX_PATH=${CMAKE_PREFIX_PATH}:/opt/ros/humble /usr/bin/cmake --build /home/mccoychisom/STAD_mccoychisom/build/uav_cpp -- -j5 -l5
[0.586s] DEBUG:colcon.colcon_core.event_handler.log_command:Invoking command in '/home/mccoychisom/STAD_mccoychisom/build/uav_msgs': CMAKE_PREFIX_PATH=${CMAKE_PREFIX_PATH}:/opt/ros/humble /usr/bin/cmake --build /home/mccoychisom/STAD_mccoychisom/build/uav_msgs -- -j5 -l5
[0.987s] INFO:colcon.colcon_core.task.python.build:Building Python package in '/home/mccoychisom/STAD_mccoychisom/src/uav_py'
[0.988s] INFO:colcon.colcon_core.shell:Skip shell extension 'powershell' for command environment: Not usable outside of PowerShell
[0.988s] DEBUG:colcon.colcon_core.shell:Skip shell extension 'dsv' for command environment
[1.011s] DEBUG:colcon.colcon_core.event_handler.log_command:Invoked command in '/home/mccoychisom/STAD_mccoychisom/build/uav_msgs' returned '0': CMAKE_PREFIX_PATH=${CMAKE_PREFIX_PATH}:/opt/ros/humble /usr/bin/cmake --build /home/mccoychisom/STAD_mccoychisom/build/uav_msgs -- -j5 -l5
[1.014s] DEBUG:colcon.colcon_core.event_handler.log_command:Invoked command in '/home/mccoychisom/STAD_mccoychisom/build/uav_cpp' returned '0': CMAKE_PREFIX_PATH=${CMAKE_PREFIX_PATH}:/opt/ros/humble /usr/bin/cmake --build /home/mccoychisom/STAD_mccoychisom/build/uav_cpp -- -j5 -l5
[1.063s] DEBUG:colcon.colcon_core.event_handler.log_command:Invoking command in '/home/mccoychisom/STAD_mccoychisom/build/uav_msgs': CMAKE_PREFIX_PATH=${CMAKE_PREFIX_PATH}:/opt/ros/humble /usr/bin/cmake --install /home/mccoychisom/STAD_mccoychisom/build/uav_msgs
[1.065s] DEBUG:colcon.colcon_core.event_handler.log_command:Invoking command in '/home/mccoychisom/STAD_mccoychisom/build/uav_cpp': CMAKE_PREFIX_PATH=${CMAKE_PREFIX_PATH}:/opt/ros/humble /usr/bin/cmake --install /home/mccoychisom/STAD_mccoychisom/build/uav_cpp
[1.076s] Level 1:colcon.colcon_core.environment:create_environment_scripts_only(uav_msgs)
[1.079s] Level 1:colcon.colcon_core.environment:checking '/home/mccoychisom/STAD_mccoychisom/install/uav_msgs' for CMake module files
[1.080s] DEBUG:colcon.colcon_core.event_handler.log_command:Invoked command in '/home/mccoychisom/STAD_mccoychisom/build/uav_msgs' returned '0': CMAKE_PREFIX_PATH=${CMAKE_PREFIX_PATH}:/opt/ros/humble /usr/bin/cmake --install /home/mccoychisom/STAD_mccoychisom/build/uav_msgs
[1.081s] Level 1:colcon.colcon_core.environment:checking '/home/mccoychisom/STAD_mccoychisom/install/uav_msgs' for CMake config files
[1.081s] Level 1:colcon.colcon_core.shell:create_environment_hook('uav_msgs', 'cmake_prefix_path')
[1.081s] INFO:colcon.colcon_core.shell:Creating environment hook '/home/mccoychisom/STAD_mccoychisom/install/uav_msgs/share/uav_msgs/hook/cmake_prefix_path.ps1'
[1.081s] INFO:colcon.colcon_core.shell:Creating environment descriptor '/home/mccoychisom/STAD_mccoychisom/install/uav_msgs/share/uav_msgs/hook/cmake_prefix_path.dsv'
[1.082s] INFO:colcon.colcon_core.shell:Creating environment hook '/home/mccoychisom/STAD_mccoychisom/install/uav_msgs/share/uav_msgs/hook/cmake_prefix_path.sh'
[1.083s] Level 1:colcon.colcon_core.environment:checking '/home/mccoychisom/STAD_mccoychisom/install/uav_msgs/bin'
[1.083s] Level 1:colcon.colcon_core.environment:checking '/home/mccoychisom/STAD_mccoychisom/install/uav_msgs/lib/pkgconfig/uav_msgs.pc'
[1.083s] Level 1:colcon.colcon_core.environment:checking '/home/mccoychisom/STAD_mccoychisom/install/uav_msgs/lib/python3.10/site-packages'
[1.083s] Level 1:colcon.colcon_core.environment:checking '/home/mccoychisom/STAD_mccoychisom/install/uav_msgs/bin'
[1.084s] INFO:colcon.colcon_core.shell:Creating package script '/home/mccoychisom/STAD_mccoychisom/install/uav_msgs/share/uav_msgs/package.ps1'
[1.085s] INFO:colcon.colcon_core.shell:Creating package descriptor '/home/mccoychisom/STAD_mccoychisom/install/uav_msgs/share/uav_msgs/package.dsv'
[1.085s] INFO:colcon.colcon_core.shell:Creating package script '/home/mccoychisom/STAD_mccoychisom/install/uav_msgs/share/uav_msgs/package.sh'
[1.086s] INFO:colcon.colcon_core.shell:Creating package script '/home/mccoychisom/STAD_mccoychisom/install/uav_msgs/share/uav_msgs/package.bash'
[1.087s] INFO:colcon.colcon_core.shell:Creating package script '/home/mccoychisom/STAD_mccoychisom/install/uav_msgs/share/uav_msgs/package.zsh'
[1.088s] Level 1:colcon.colcon_core.environment:create_file_with_runtime_dependencies(/home/mccoychisom/STAD_mccoychisom/install/uav_msgs/share/colcon-core/packages/uav_msgs)
[1.090s] Level 1:colcon.colcon_core.environment:create_environment_scripts_only(uav_cpp)
[1.090s] DEBUG:colcon.colcon_core.event_handler.log_command:Invoked command in '/home/mccoychisom/STAD_mccoychisom/build/uav_cpp' returned '0': CMAKE_PREFIX_PATH=${CMAKE_PREFIX_PATH}:/opt/ros/humble /usr/bin/cmake --install /home/mccoychisom/STAD_mccoychisom/build/uav_cpp
[1.091s] Level 1:colcon.colcon_core.environment:checking '/home/mccoychisom/STAD_mccoychisom/install/uav_cpp' for CMake module files
[1.091s] Level 1:colcon.colcon_core.environment:checking '/home/mccoychisom/STAD_mccoychisom/install/uav_cpp' for CMake config files
[1.092s] Level 1:colcon.colcon_core.shell:create_environment_hook('uav_cpp', 'cmake_prefix_path')
[1.092s] INFO:colcon.colcon_core.shell:Creating environment hook '/home/mccoychisom/STAD_mccoychisom/install/uav_cpp/share/uav_cpp/hook/cmake_prefix_path.ps1'
[1.092s] INFO:colcon.colcon_core.shell:Creating environment descriptor '/home/mccoychisom/STAD_mccoychisom/install/uav_cpp/share/uav_cpp/hook/cmake_prefix_path.dsv'
[1.093s] INFO:colcon.colcon_core.shell:Creating environment hook '/home/mccoychisom/STAD_mccoychisom/install/uav_cpp/share/uav_cpp/hook/cmake_prefix_path.sh'
[1.093s] Level 1:colcon.colcon_core.environment:checking '/home/mccoychisom/STAD_mccoychisom/install/uav_cpp/bin'
[1.093s] Level 1:colcon.colcon_core.environment:checking '/home/mccoychisom/STAD_mccoychisom/install/uav_cpp/lib/pkgconfig/uav_cpp.pc'
[1.094s] Level 1:colcon.colcon_core.environment:checking '/home/mccoychisom/STAD_mccoychisom/install/uav_cpp/lib/python3.10/site-packages'
[1.094s] Level 1:colcon.colcon_core.environment:checking '/home/mccoychisom/STAD_mccoychisom/install/uav_cpp/bin'
[1.094s] INFO:colcon.colcon_core.shell:Creating package script '/home/mccoychisom/STAD_mccoychisom/install/uav_cpp/share/uav_cpp/package.ps1'
[1.095s] INFO:colcon.colcon_core.shell:Creating package descriptor '/home/mccoychisom/STAD_mccoychisom/install/uav_cpp/share/uav_cpp/package.dsv'
[1.099s] INFO:colcon.colcon_core.shell:Creating package script '/home/mccoychisom/STAD_mccoychisom/install/uav_cpp/share/uav_cpp/package.sh'
[1.099s] INFO:colcon.colcon_core.shell:Creating package script '/home/mccoychisom/STAD_mccoychisom/install/uav_cpp/share/uav_cpp/package.bash'
[1.099s] INFO:colcon.colcon_core.shell:Creating package script '/home/mccoychisom/STAD_mccoychisom/install/uav_cpp/share/uav_cpp/package.zsh'
[1.100s] Level 1:colcon.colcon_core.environment:create_file_with_runtime_dependencies(/home/mccoychisom/STAD_mccoychisom/install/uav_cpp/share/colcon-core/packages/uav_cpp)
[1.115s] Level 1:colcon.colcon_core.environment:create_environment_scripts_only(uav_msgs)
[1.115s] Level 1:colcon.colcon_core.environment:checking '/home/mccoychisom/STAD_mccoychisom/install/uav_msgs' for CMake module files
[1.116s] Level 1:colcon.colcon_core.environment:checking '/home/mccoychisom/STAD_mccoychisom/install/uav_msgs' for CMake config files
[1.116s] Level 1:colcon.colcon_core.shell:create_environment_hook('uav_msgs', 'cmake_prefix_path')
[1.116s] INFO:colcon.colcon_core.shell:Creating environment hook '/home/mccoychisom/STAD_mccoychisom/install/uav_msgs/share/uav_msgs/hook/cmake_prefix_path.ps1'
[1.117s] INFO:colcon.colcon_core.shell:Creating environment descriptor '/home/mccoychisom/STAD_mccoychisom/install/uav_msgs/share/uav_msgs/hook/cmake_prefix_path.dsv'
[1.117s] INFO:colcon.colcon_core.shell:Creating environment hook '/home/mccoychisom/STAD_mccoychisom/install/uav_msgs/share/uav_msgs/hook/cmake_prefix_path.sh'
[1.118s] Level 1:colcon.colcon_core.environment:checking '/home/mccoychisom/STAD_mccoychisom/install/uav_msgs/bin'
[1.118s] Level 1:colcon.colcon_core.environment:checking '/home/mccoychisom/STAD_mccoychisom/install/uav_msgs/lib/pkgconfig/uav_msgs.pc'
[1.118s] Level 1:colcon.colcon_core.environment:checking '/home/mccoychisom/STAD_mccoychisom/install/uav_msgs/lib/python3.10/site-packages'
[1.118s] Level 1:colcon.colcon_core.environment:checking '/home/mccoychisom/STAD_mccoychisom/install/uav_msgs/bin'
[1.119s] INFO:colcon.colcon_core.shell:Creating package script '/home/mccoychisom/STAD_mccoychisom/install/uav_msgs/share/uav_msgs/package.ps1'
[1.119s] INFO:colcon.colcon_core.shell:Creating package descriptor '/home/mccoychisom/STAD_mccoychisom/install/uav_msgs/share/uav_msgs/package.dsv'
[1.120s] INFO:colcon.colcon_core.shell:Creating package script '/home/mccoychisom/STAD_mccoychisom/install/uav_msgs/share/uav_msgs/package.sh'
[1.120s] INFO:colcon.colcon_core.shell:Creating package script '/home/mccoychisom/STAD_mccoychisom/install/uav_msgs/share/uav_msgs/package.bash'
[1.120s] INFO:colcon.colcon_core.shell:Creating package script '/home/mccoychisom/STAD_mccoychisom/install/uav_msgs/share/uav_msgs/package.zsh'
[1.121s] Level 1:colcon.colcon_core.environment:create_file_with_runtime_dependencies(/home/mccoychisom/STAD_mccoychisom/install/uav_msgs/share/colcon-core/packages/uav_msgs)
[1.124s] Level 1:colcon.colcon_core.environment:create_environment_scripts_only(uav_cpp)
[1.125s] Level 1:colcon.colcon_core.environment:checking '/home/mccoychisom/STAD_mccoychisom/install/uav_cpp' for CMake module files
[1.125s] Level 1:colcon.colcon_core.environment:checking '/home/mccoychisom/STAD_mccoychisom/install/uav_cpp' for CMake config files
[1.126s] Level 1:colcon.colcon_core.shell:create_environment_hook('uav_cpp', 'cmake_prefix_path')
[1.126s] INFO:colcon.colcon_core.shell:Creating environment hook '/home/mccoychisom/STAD_mccoychisom/install/uav_cpp/share/uav_cpp/hook/cmake_prefix_path.ps1'
[1.127s] INFO:colcon.colcon_core.shell:Creating environment descriptor '/home/mccoychisom/STAD_mccoychisom/install/uav_cpp/share/uav_cpp/hook/cmake_prefix_path.dsv'
[1.127s] INFO:colcon.colcon_core.shell:Creating environment hook '/home/mccoychisom/STAD_mccoychisom/install/uav_cpp/share/uav_cpp/hook/cmake_prefix_path.sh'
[1.127s] Level 1:colcon.colcon_core.environment:checking '/home/mccoychisom/STAD_mccoychisom/install/uav_cpp/bin'
[1.128s] Level 1:colcon.colcon_core.environment:checking '/home/mccoychisom/STAD_mccoychisom/install/uav_cpp/lib/pkgconfig/uav_cpp.pc'
[1.128s] Level 1:colcon.colcon_core.environment:checking '/home/mccoychisom/STAD_mccoychisom/install/uav_cpp/lib/python3.10/site-packages'
[1.128s] Level 1:colcon.colcon_core.environment:checking '/home/mccoychisom/STAD_mccoychisom/install/uav_cpp/bin'
[1.129s] INFO:colcon.colcon_core.shell:Creating package script '/home/mccoychisom/STAD_mccoychisom/install/uav_cpp/share/uav_cpp/package.ps1'
[1.129s] INFO:colcon.colcon_core.shell:Creating package descriptor '/home/mccoychisom/STAD_mccoychisom/install/uav_cpp/share/uav_cpp/package.dsv'
[1.130s] INFO:colcon.colcon_core.shell:Creating package script '/home/mccoychisom/STAD_mccoychisom/install/uav_cpp/share/uav_cpp/package.sh'
[1.130s] INFO:colcon.colcon_core.shell:Creating package script '/home/mccoychisom/STAD_mccoychisom/install/uav_cpp/share/uav_cpp/package.bash'
[1.131s] INFO:colcon.colcon_core.shell:Creating package script '/home/mccoychisom/STAD_mccoychisom/install/uav_cpp/share/uav_cpp/package.zsh'
[1.131s] Level 1:colcon.colcon_core.environment:create_file_with_runtime_dependencies(/home/mccoychisom/STAD_mccoychisom/install/uav_cpp/share/colcon-core/packages/uav_cpp)
[1.520s] DEBUG:colcon.colcon_core.event_handler.log_command:Invoking command in '/home/mccoychisom/STAD_mccoychisom/src/uav_py': PYTHONPATH=/home/mccoychisom/STAD_mccoychisom/build/uav_py/prefix_override:/usr/lib/python3/dist-packages/colcon_core/task/python/colcon_distutils_commands:/home/mccoychisom/STAD_mccoychisom/install/uav_py/lib/python3.10/site-packages:${PYTHONPATH} /usr/bin/python3 -W ignore:setup.py install is deprecated setup.py egg_info --egg-base ../../build/uav_py build --build-base /home/mccoychisom/STAD_mccoychisom/build/uav_py/build install --record /home/mccoychisom/STAD_mccoychisom/build/uav_py/install.log --single-version-externally-managed install_data
[1.954s] Level 1:colcon.colcon_core.environment:checking '/home/mccoychisom/STAD_mccoychisom/install/uav_py' for CMake module files
[1.957s] DEBUG:colcon.colcon_core.event_handler.log_command:Invoked command in '/home/mccoychisom/STAD_mccoychisom/src/uav_py' returned '0': PYTHONPATH=/home/mccoychisom/STAD_mccoychisom/build/uav_py/prefix_override:/usr/lib/python3/dist-packages/colcon_core/task/python/colcon_distutils_commands:/home/mccoychisom/STAD_mccoychisom/install/uav_py/lib/python3.10/site-packages:${PYTHONPATH} /usr/bin/python3 -W ignore:setup.py install is deprecated setup.py egg_info --egg-base ../../build/uav_py build --build-base /home/mccoychisom/STAD_mccoychisom/build/uav_py/build install --record /home/mccoychisom/STAD_mccoychisom/build/uav_py/install.log --single-version-externally-managed install_data
[1.958s] Level 1:colcon.colcon_core.environment:checking '/home/mccoychisom/STAD_mccoychisom/install/uav_py' for CMake config files
[1.960s] Level 1:colcon.colcon_core.environment:checking '/home/mccoychisom/STAD_mccoychisom/install/uav_py/lib'
[1.961s] Level 1:colcon.colcon_core.environment:checking '/home/mccoychisom/STAD_mccoychisom/install/uav_py/bin'
[1.961s] Level 1:colcon.colcon_core.environment:checking '/home/mccoychisom/STAD_mccoychisom/install/uav_py/lib/pkgconfig/uav_py.pc'
[1.962s] Level 1:colcon.colcon_core.environment:checking '/home/mccoychisom/STAD_mccoychisom/install/uav_py/lib/python3.10/site-packages'
[1.963s] Level 1:colcon.colcon_core.shell:create_environment_hook('uav_py', 'pythonpath')
[1.964s] INFO:colcon.colcon_core.shell:Creating environment hook '/home/mccoychisom/STAD_mccoychisom/install/uav_py/share/uav_py/hook/pythonpath.ps1'
[1.966s] INFO:colcon.colcon_core.shell:Creating environment descriptor '/home/mccoychisom/STAD_mccoychisom/install/uav_py/share/uav_py/hook/pythonpath.dsv'
[1.967s] INFO:colcon.colcon_core.shell:Creating environment hook '/home/mccoychisom/STAD_mccoychisom/install/uav_py/share/uav_py/hook/pythonpath.sh'
[1.969s] Level 1:colcon.colcon_core.environment:checking '/home/mccoychisom/STAD_mccoychisom/install/uav_py/bin'
[1.969s] Level 1:colcon.colcon_core.environment:create_environment_scripts_only(uav_py)
[1.971s] INFO:colcon.colcon_core.shell:Creating package script '/home/mccoychisom/STAD_mccoychisom/install/uav_py/share/uav_py/package.ps1'
[1.973s] INFO:colcon.colcon_core.shell:Creating package descriptor '/home/mccoychisom/STAD_mccoychisom/install/uav_py/share/uav_py/package.dsv'
[1.974s] INFO:colcon.colcon_core.shell:Creating package script '/home/mccoychisom/STAD_mccoychisom/install/uav_py/share/uav_py/package.sh'
[1.976s] INFO:colcon.colcon_core.shell:Creating package script '/home/mccoychisom/STAD_mccoychisom/install/uav_py/share/uav_py/package.bash'
[1.977s] INFO:colcon.colcon_core.shell:Creating package script '/home/mccoychisom/STAD_mccoychisom/install/uav_py/share/uav_py/package.zsh'
[1.978s] Level 1:colcon.colcon_core.environment:create_file_with_runtime_dependencies(/home/mccoychisom/STAD_mccoychisom/install/uav_py/share/colcon-core/packages/uav_py)
[1.979s] DEBUG:colcon.colcon_parallel_executor.executor.parallel:closing loop
[1.980s] DEBUG:colcon.colcon_parallel_executor.executor.parallel:loop closed
[1.980s] DEBUG:colcon.colcon_parallel_executor.executor.parallel:run_until_complete finished with '0'
[1.980s] DEBUG:colcon.colcon_core.event_reactor:joining thread
[1.998s] INFO:colcon.colcon_core.plugin_system:Skipping extension 'colcon_notification.desktop_notification.terminal_notifier': Not used on non-Darwin systems
[1.998s] INFO:colcon.colcon_core.plugin_system:Skipping extension 'colcon_notification.desktop_notification.win32': Not used on non-Windows systems
[1.998s] INFO:colcon.colcon_notification.desktop_notification:Sending desktop notification using 'notify2'
[2.020s] DEBUG:colcon.colcon_core.event_reactor:joined thread
[2.021s] INFO:colcon.colcon_core.shell:Creating prefix script '/home/mccoychisom/STAD_mccoychisom/install/local_setup.ps1'
[2.024s] INFO:colcon.colcon_core.shell:Creating prefix util module '/home/mccoychisom/STAD_mccoychisom/install/_local_setup_util_ps1.py'
[2.028s] INFO:colcon.colcon_core.shell:Creating prefix chain script '/home/mccoychisom/STAD_mccoychisom/install/setup.ps1'
[2.031s] INFO:colcon.colcon_core.shell:Creating prefix script '/home/mccoychisom/STAD_mccoychisom/install/local_setup.sh'
[2.033s] INFO:colcon.colcon_core.shell:Creating prefix util module '/home/mccoychisom/STAD_mccoychisom/install/_local_setup_util_sh.py'
[2.034s] INFO:colcon.colcon_core.shell:Creating prefix chain script '/home/mccoychisom/STAD_mccoychisom/install/setup.sh'
[2.036s] INFO:colcon.colcon_core.shell:Creating prefix script '/home/mccoychisom/STAD_mccoychisom/install/local_setup.bash'
[2.036s] INFO:colcon.colcon_core.shell:Creating prefix chain script '/home/mccoychisom/STAD_mccoychisom/install/setup.bash'
[2.038s] INFO:colcon.colcon_core.shell:Creating prefix script '/home/mccoychisom/STAD_mccoychisom/install/local_setup.zsh'
[2.039s] INFO:colcon.colcon_core.shell:Creating prefix chain script '/home/mccoychisom/STAD_mccoychisom/install/setup.zsh'
