[0.032s] Invoking command in '/home/mccoychisom/STAD_mccoychisom/build/uav_cpp': CMAKE_PREFIX_PATH=${CMAKE_PREFIX_PATH}:/opt/ros/humble /usr/bin/cmake --build /home/mccoychisom/STAD_mccoychisom/build/uav_cpp -- -j5 -l5
[0.472s] Invoked command in '/home/mccoychisom/STAD_mccoychisom/build/uav_cpp' returned '0': CMAKE_PREFIX_PATH=${CMAKE_PREFIX_PATH}:/opt/ros/humble /usr/bin/cmake --build /home/mccoychisom/STAD_mccoychisom/build/uav_cpp -- -j5 -l5
[0.524s] Invoking command in '/home/mccoychisom/STAD_mccoychisom/build/uav_cpp': CMAKE_PREFIX_PATH=${CMAKE_PREFIX_PATH}:/opt/ros/humble /usr/bin/cmake --install /home/mccoychisom/STAD_mccoychisom/build/uav_cpp
[0.533s] -- Install configuration: ""
[0.533s] -- Up-to-date: /home/mccoychisom/STAD_mccoychisom/install/uav_cpp/share/ament_index/resource_index/package_run_dependencies/uav_cpp
[0.533s] -- Up-to-date: /home/mccoychisom/STAD_mccoychisom/install/uav_cpp/share/ament_index/resource_index/parent_prefix_path/uav_cpp
[0.533s] -- Up-to-date: /home/mccoychisom/STAD_mccoychisom/install/uav_cpp/share/uav_cpp/environment/ament_prefix_path.sh
[0.533s] -- Up-to-date: /home/mccoychisom/STAD_mccoychisom/install/uav_cpp/share/uav_cpp/environment/ament_prefix_path.dsv
[0.534s] -- Up-to-date: /home/mccoychisom/STAD_mccoychisom/install/uav_cpp/share/uav_cpp/environment/path.sh
[0.534s] -- Up-to-date: /home/mccoychisom/STAD_mccoychisom/install/uav_cpp/share/uav_cpp/environment/path.dsv
[0.535s] -- Up-to-date: /home/mccoychisom/STAD_mccoychisom/install/uav_cpp/share/uav_cpp/local_setup.bash
[0.535s] -- Up-to-date: /home/mccoychisom/STAD_mccoychisom/install/uav_cpp/share/uav_cpp/local_setup.sh
[0.535s] -- Up-to-date: /home/mccoychisom/STAD_mccoychisom/install/uav_cpp/share/uav_cpp/local_setup.zsh
[0.535s] -- Up-to-date: /home/mccoychisom/STAD_mccoychisom/install/uav_cpp/share/uav_cpp/local_setup.dsv
[0.535s] -- Up-to-date: /home/mccoychisom/STAD_mccoychisom/install/uav_cpp/share/uav_cpp/package.dsv
[0.535s] -- Up-to-date: /home/mccoychisom/STAD_mccoychisom/install/uav_cpp/share/ament_index/resource_index/packages/uav_cpp
[0.535s] -- Up-to-date: /home/mccoychisom/STAD_mccoychisom/install/uav_cpp/share/uav_cpp/cmake/uav_cppConfig.cmake
[0.536s] -- Up-to-date: /home/mccoychisom/STAD_mccoychisom/install/uav_cpp/share/uav_cpp/cmake/uav_cppConfig-version.cmake
[0.536s] -- Up-to-date: /home/mccoychisom/STAD_mccoychisom/install/uav_cpp/share/uav_cpp/package.xml
[0.549s] Invoked command in '/home/mccoychisom/STAD_mccoychisom/build/uav_cpp' returned '0': CMAKE_PREFIX_PATH=${CMAKE_PREFIX_PATH}:/opt/ros/humble /usr/bin/cmake --install /home/mccoychisom/STAD_mccoychisom/build/uav_cpp
